
ROM used:   63/8192 (1%)
            63/8192 (1%) including unused fragments

            0.1 Average locations per line
            4.2 Average locations per statement

RAM used:   6/368 (2%) at main() level
            7/368 (2%) worst case

Stack used: 0 worst case (0 in main + 0 for interrupts)
Stack size: 8

Lines Stmts  %   Files
----- ----- ---  -----
   37    15 100  DENEME.c
    5     0   0  DENEME.h
  672     0   0  D:\Program Files (x86)\PICC\Devices\16F877A.h
----- -----
  714    15 Total

Page ROM  %  RAM    Vol Diff  Functions:
---- --- --- ---    --- ----  ----------
0     23  37    1             @delay_ms1
0     36  57    0    270  3.7  main
 Inline         0             @cinit1

Program metrics:
    Functions               1
    Statements              15
    Comments                120
    Volume (V)              275
    Difficulty (D)          3.4
    Effort to implement (E) 930
    Time to implement (T)   1 minutes
    Est Delivered Bugs (B)  0
    Cyclomatic Complexity   2
    Maintainability (MI)    50

 Segment     Used  Free
-----------  ----  ----
00000-00003     4  0  
00004-007FF    59  1985  
00800-00FFF     0  2048  
01000-017FF     0  2048  
01800-01FFF     0  2048  



